{"name":"hexo","hostname":"Mac.local","pid":33595,"level":20,"msg":"Hexo version: \u001b[35m3.1.1\u001b[39m","time":"2016-01-20T07:40:28.057Z","v":0}
{"name":"hexo","hostname":"Mac.local","pid":33595,"level":20,"msg":"Working directory: \u001b[35m~/hexo/\u001b[39m","time":"2016-01-20T07:40:28.066Z","v":0}
{"name":"hexo","hostname":"Mac.local","pid":33595,"level":20,"msg":"Config loaded: \u001b[35m~/hexo/_config.yml\u001b[39m","time":"2016-01-20T07:40:28.267Z","v":0}
{"name":"hexo","hostname":"Mac.local","pid":33595,"level":20,"msg":"Plugin loaded: \u001b[35mhexo-generator-index\u001b[39m","time":"2016-01-20T07:40:28.293Z","v":0}
{"name":"hexo","hostname":"Mac.local","pid":33595,"level":20,"msg":"Plugin loaded: \u001b[35mhexo-generator-archive\u001b[39m","time":"2016-01-20T07:40:28.296Z","v":0}
{"name":"hexo","hostname":"Mac.local","pid":33595,"level":20,"msg":"Plugin loaded: \u001b[35mhexo-generator-tag\u001b[39m","time":"2016-01-20T07:40:28.298Z","v":0}
{"name":"hexo","hostname":"Mac.local","pid":33595,"level":20,"msg":"Plugin loaded: \u001b[35mhexo-renderer-ejs\u001b[39m","time":"2016-01-20T07:40:28.305Z","v":0}
{"name":"hexo","hostname":"Mac.local","pid":33595,"level":20,"msg":"Plugin loaded: \u001b[35mhexo-renderer-stylus\u001b[39m","time":"2016-01-20T07:40:28.545Z","v":0}
{"name":"hexo","hostname":"Mac.local","pid":33595,"level":20,"msg":"Plugin loaded: \u001b[35mhexo-renderer-marked\u001b[39m","time":"2016-01-20T07:40:28.673Z","v":0}
{"name":"hexo","hostname":"Mac.local","pid":33595,"level":20,"msg":"Plugin loaded: \u001b[35mhexo-server\u001b[39m","time":"2016-01-20T07:40:28.849Z","v":0}
{"name":"hexo","hostname":"Mac.local","pid":33595,"level":20,"msg":"Plugin loaded: \u001b[35mhexo-generator-category\u001b[39m","time":"2016-01-20T07:40:28.851Z","v":0}
{"name":"hexo","hostname":"Mac.local","pid":33595,"level":20,"msg":"Script loaded: \u001b[35mthemes/next/scripts/tags/full-image.js\u001b[39m","time":"2016-01-20T07:40:28.852Z","v":0}
{"name":"hexo","hostname":"Mac.local","pid":33595,"level":20,"msg":"Script loaded: \u001b[35mthemes/next/scripts/merge-configs.js\u001b[39m","time":"2016-01-20T07:40:28.853Z","v":0}
{"name":"hexo","hostname":"Mac.local","pid":33595,"level":20,"msg":"Script loaded: \u001b[35mthemes/next/scripts/tags/center-quote.js\u001b[39m","time":"2016-01-20T07:40:28.854Z","v":0}
{"name":"hexo","hostname":"Mac.local","pid":33595,"level":20,"msg":"Script loaded: \u001b[35mthemes/next/scripts/tags/group-pictures.js\u001b[39m","time":"2016-01-20T07:40:28.857Z","v":0}
{"name":"hexo","hostname":"Mac.local","pid":33595,"level":20,"msg":"Loading database.","time":"2016-01-20T07:40:28.871Z","v":0}
{"name":"hexo","hostname":"Mac.local","pid":33595,"level":20,"msg":"Unchanged: \u001b[35msource/_posts/hello-world.md\u001b[39m","time":"2016-01-20T07:40:28.967Z","v":0}
{"name":"hexo","hostname":"Mac.local","pid":33595,"level":20,"msg":"Processed: \u001b[35m_posts/hello-world.md\u001b[39m","time":"2016-01-20T07:40:28.974Z","v":0}
{"name":"hexo","hostname":"Mac.local","pid":33595,"level":20,"msg":"Unchanged: \u001b[35mthemes/next/source/css/_common/_page/home.styl\u001b[39m","time":"2016-01-20T07:40:29.078Z","v":0}
{"name":"hexo","hostname":"Mac.local","pid":33595,"level":20,"msg":"Unchanged: \u001b[35mthemes/next/source/css/_mixins/Mist.styl\u001b[39m","time":"2016-01-20T07:40:29.079Z","v":0}
{"name":"hexo","hostname":"Mac.local","pid":33595,"level":20,"msg":"Unchanged: \u001b[35mthemes/next/source/css/_mixins/custom.styl\u001b[39m","time":"2016-01-20T07:40:29.079Z","v":0}
{"name":"hexo","hostname":"Mac.local","pid":33595,"level":20,"msg":"Unchanged: \u001b[35mthemes/next/source/css/_mixins/default.styl\u001b[39m","time":"2016-01-20T07:40:29.080Z","v":0}
{"name":"hexo","hostname":"Mac.local","pid":33595,"level":20,"msg":"Unchanged: \u001b[35mthemes/next/source/css/_variables/custom.styl\u001b[39m","time":"2016-01-20T07:40:29.080Z","v":0}
{"name":"hexo","hostname":"Mac.local","pid":33595,"level":20,"msg":"Unchanged: \u001b[35mthemes/next/source/css/_variables/default.styl\u001b[39m","time":"2016-01-20T07:40:29.080Z","v":0}
{"name":"hexo","hostname":"Mac.local","pid":33595,"level":20,"msg":"Unchanged: \u001b[35mthemes/next/README.md\u001b[39m","time":"2016-01-20T07:40:29.096Z","v":0}
{"name":"hexo","hostname":"Mac.local","pid":33595,"level":20,"msg":"Unchanged: \u001b[35mthemes/next/bower.json\u001b[39m","time":"2016-01-20T07:40:29.097Z","v":0}
{"name":"hexo","hostname":"Mac.local","pid":33595,"level":20,"msg":"Unchanged: \u001b[35mthemes/next/_config.yml\u001b[39m","time":"2016-01-20T07:40:29.097Z","v":0}
{"name":"hexo","hostname":"Mac.local","pid":33595,"level":20,"msg":"Unchanged: \u001b[35mthemes/next/README.en.md\u001b[39m","time":"2016-01-20T07:40:29.097Z","v":0}
{"name":"hexo","hostname":"Mac.local","pid":33595,"level":20,"msg":"Unchanged: \u001b[35mthemes/next/languages/de.yml\u001b[39m","time":"2016-01-20T07:40:29.098Z","v":0}
{"name":"hexo","hostname":"Mac.local","pid":33595,"level":20,"msg":"Unchanged: \u001b[35mthemes/next/languages/default.yml\u001b[39m","time":"2016-01-20T07:40:29.098Z","v":0}
{"name":"hexo","hostname":"Mac.local","pid":33595,"level":20,"msg":"Unchanged: \u001b[35mthemes/next/languages/en.yml\u001b[39m","time":"2016-01-20T07:40:29.099Z","v":0}
{"name":"hexo","hostname":"Mac.local","pid":33595,"level":20,"msg":"Unchanged: \u001b[35mthemes/next/languages/fr-FR.yml\u001b[39m","time":"2016-01-20T07:40:29.099Z","v":0}
{"name":"hexo","hostname":"Mac.local","pid":33595,"level":20,"msg":"Unchanged: \u001b[35mthemes/next/languages/ru.yml\u001b[39m","time":"2016-01-20T07:40:29.100Z","v":0}
{"name":"hexo","hostname":"Mac.local","pid":33595,"level":20,"msg":"Unchanged: \u001b[35mthemes/next/languages/zh-Hans.yml\u001b[39m","time":"2016-01-20T07:40:29.100Z","v":0}
{"name":"hexo","hostname":"Mac.local","pid":33595,"level":20,"msg":"Unchanged: \u001b[35mthemes/next/languages/pt.yml\u001b[39m","time":"2016-01-20T07:40:29.101Z","v":0}
{"name":"hexo","hostname":"Mac.local","pid":33595,"level":20,"msg":"Unchanged: \u001b[35mthemes/next/languages/zh-hk.yml\u001b[39m","time":"2016-01-20T07:40:29.101Z","v":0}
{"name":"hexo","hostname":"Mac.local","pid":33595,"level":20,"msg":"Unchanged: \u001b[35mthemes/next/languages/zh-tw.yml\u001b[39m","time":"2016-01-20T07:40:29.102Z","v":0}
{"name":"hexo","hostname":"Mac.local","pid":33595,"level":20,"msg":"Unchanged: \u001b[35mthemes/next/layout/_layout.swig\u001b[39m","time":"2016-01-20T07:40:29.102Z","v":0}
{"name":"hexo","hostname":"Mac.local","pid":33595,"level":20,"msg":"Unchanged: \u001b[35mthemes/next/layout/_macro/post-collapse.swig\u001b[39m","time":"2016-01-20T07:40:29.102Z","v":0}
{"name":"hexo","hostname":"Mac.local","pid":33595,"level":20,"msg":"Unchanged: \u001b[35mthemes/next/layout/_partials/footer.swig\u001b[39m","time":"2016-01-20T07:40:29.103Z","v":0}
{"name":"hexo","hostname":"Mac.local","pid":33595,"level":20,"msg":"Unchanged: \u001b[35mthemes/next/layout/_macro/post.swig\u001b[39m","time":"2016-01-20T07:40:29.103Z","v":0}
{"name":"hexo","hostname":"Mac.local","pid":33595,"level":20,"msg":"Unchanged: \u001b[35mthemes/next/layout/_partials/header.swig\u001b[39m","time":"2016-01-20T07:40:29.103Z","v":0}
{"name":"hexo","hostname":"Mac.local","pid":33595,"level":20,"msg":"Unchanged: \u001b[35mthemes/next/layout/_macro/sidebar.swig\u001b[39m","time":"2016-01-20T07:40:29.103Z","v":0}
{"name":"hexo","hostname":"Mac.local","pid":33595,"level":20,"msg":"Unchanged: \u001b[35mthemes/next/layout/_partials/head.swig\u001b[39m","time":"2016-01-20T07:40:29.103Z","v":0}
{"name":"hexo","hostname":"Mac.local","pid":33595,"level":20,"msg":"Unchanged: \u001b[35mthemes/next/layout/_partials/pagination.swig\u001b[39m","time":"2016-01-20T07:40:29.104Z","v":0}
{"name":"hexo","hostname":"Mac.local","pid":33595,"level":20,"msg":"Unchanged: \u001b[35mthemes/next/layout/_partials/old-browsers.swig\u001b[39m","time":"2016-01-20T07:40:29.104Z","v":0}
{"name":"hexo","hostname":"Mac.local","pid":33595,"level":20,"msg":"Unchanged: \u001b[35mthemes/next/layout/_partials/search/swiftype.swig\u001b[39m","time":"2016-01-20T07:40:29.105Z","v":0}
{"name":"hexo","hostname":"Mac.local","pid":33595,"level":20,"msg":"Unchanged: \u001b[35mthemes/next/layout/_partials/search/tinysou.swig\u001b[39m","time":"2016-01-20T07:40:29.105Z","v":0}
{"name":"hexo","hostname":"Mac.local","pid":33595,"level":20,"msg":"Unchanged: \u001b[35mthemes/next/layout/_partials/share/duoshuo_share.swig\u001b[39m","time":"2016-01-20T07:40:29.105Z","v":0}
{"name":"hexo","hostname":"Mac.local","pid":33595,"level":20,"msg":"Unchanged: \u001b[35mthemes/next/layout/_partials/search.swig\u001b[39m","time":"2016-01-20T07:40:29.106Z","v":0}
{"name":"hexo","hostname":"Mac.local","pid":33595,"level":20,"msg":"Unchanged: \u001b[35mthemes/next/layout/_partials/share/jiathis.swig\u001b[39m","time":"2016-01-20T07:40:29.106Z","v":0}
{"name":"hexo","hostname":"Mac.local","pid":33595,"level":20,"msg":"Unchanged: \u001b[35mthemes/next/layout/_scripts/analytics/baidu-analytics.swig\u001b[39m","time":"2016-01-20T07:40:29.107Z","v":0}
{"name":"hexo","hostname":"Mac.local","pid":33595,"level":20,"msg":"Unchanged: \u001b[35mthemes/next/layout/_scripts/analytics/facebook-sdk.swig\u001b[39m","time":"2016-01-20T07:40:29.107Z","v":0}
{"name":"hexo","hostname":"Mac.local","pid":33595,"level":20,"msg":"Unchanged: \u001b[35mthemes/next/layout/_scripts/analytics/google-analytics.swig\u001b[39m","time":"2016-01-20T07:40:29.107Z","v":0}
{"name":"hexo","hostname":"Mac.local","pid":33595,"level":20,"msg":"Unchanged: \u001b[35mthemes/next/layout/_scripts/analytics.swig\u001b[39m","time":"2016-01-20T07:40:29.107Z","v":0}
{"name":"hexo","hostname":"Mac.local","pid":33595,"level":20,"msg":"Unchanged: \u001b[35mthemes/next/layout/_scripts/baidushare.swig\u001b[39m","time":"2016-01-20T07:40:29.108Z","v":0}
{"name":"hexo","hostname":"Mac.local","pid":33595,"level":20,"msg":"Unchanged: \u001b[35mthemes/next/layout/_scripts/bootstrap.scrollspy.swig\u001b[39m","time":"2016-01-20T07:40:29.108Z","v":0}
{"name":"hexo","hostname":"Mac.local","pid":33595,"level":20,"msg":"Unchanged: \u001b[35mthemes/next/layout/_scripts/comments/disqus.swig\u001b[39m","time":"2016-01-20T07:40:29.108Z","v":0}
{"name":"hexo","hostname":"Mac.local","pid":33595,"level":20,"msg":"Unchanged: \u001b[35mthemes/next/layout/_scripts/comments/duoshuo.swig\u001b[39m","time":"2016-01-20T07:40:29.108Z","v":0}
{"name":"hexo","hostname":"Mac.local","pid":33595,"level":20,"msg":"Unchanged: \u001b[35mthemes/next/layout/_scripts/helpers.swig\u001b[39m","time":"2016-01-20T07:40:29.109Z","v":0}
{"name":"hexo","hostname":"Mac.local","pid":33595,"level":20,"msg":"Unchanged: \u001b[35mthemes/next/layout/_scripts/mathjax.swig\u001b[39m","time":"2016-01-20T07:40:29.109Z","v":0}
{"name":"hexo","hostname":"Mac.local","pid":33595,"level":20,"msg":"Unchanged: \u001b[35mthemes/next/layout/_scripts/fancy-box.swig\u001b[39m","time":"2016-01-20T07:40:29.109Z","v":0}
{"name":"hexo","hostname":"Mac.local","pid":33595,"level":20,"msg":"Unchanged: \u001b[35mthemes/next/layout/_scripts/pages/post-details.swig\u001b[39m","time":"2016-01-20T07:40:29.109Z","v":0}
{"name":"hexo","hostname":"Mac.local","pid":33595,"level":20,"msg":"Unchanged: \u001b[35mthemes/next/layout/_scripts/motion.swig\u001b[39m","time":"2016-01-20T07:40:29.110Z","v":0}
{"name":"hexo","hostname":"Mac.local","pid":33595,"level":20,"msg":"Unchanged: \u001b[35mthemes/next/layout/_scripts/tinysou.swig\u001b[39m","time":"2016-01-20T07:40:29.110Z","v":0}
{"name":"hexo","hostname":"Mac.local","pid":33595,"level":20,"msg":"Unchanged: \u001b[35mthemes/next/scripts/merge-configs.js\u001b[39m","time":"2016-01-20T07:40:29.110Z","v":0}
{"name":"hexo","hostname":"Mac.local","pid":33595,"level":20,"msg":"Unchanged: \u001b[35mthemes/next/scripts/tags/center-quote.js\u001b[39m","time":"2016-01-20T07:40:29.111Z","v":0}
{"name":"hexo","hostname":"Mac.local","pid":33595,"level":20,"msg":"Unchanged: \u001b[35mthemes/next/scripts/tags/full-image.js\u001b[39m","time":"2016-01-20T07:40:29.111Z","v":0}
{"name":"hexo","hostname":"Mac.local","pid":33595,"level":20,"msg":"Unchanged: \u001b[35mthemes/next/layout/category.swig\u001b[39m","time":"2016-01-20T07:40:29.111Z","v":0}
{"name":"hexo","hostname":"Mac.local","pid":33595,"level":20,"msg":"Unchanged: \u001b[35mthemes/next/scripts/tags/group-pictures.js\u001b[39m","time":"2016-01-20T07:40:29.111Z","v":0}
{"name":"hexo","hostname":"Mac.local","pid":33595,"level":20,"msg":"Unchanged: \u001b[35mthemes/next/layout/page.swig\u001b[39m","time":"2016-01-20T07:40:29.111Z","v":0}
{"name":"hexo","hostname":"Mac.local","pid":33595,"level":20,"msg":"Unchanged: \u001b[35mthemes/next/layout/archive.swig\u001b[39m","time":"2016-01-20T07:40:29.112Z","v":0}
{"name":"hexo","hostname":"Mac.local","pid":33595,"level":20,"msg":"Unchanged: \u001b[35mthemes/next/layout/index.swig\u001b[39m","time":"2016-01-20T07:40:29.112Z","v":0}
{"name":"hexo","hostname":"Mac.local","pid":33595,"level":20,"msg":"Unchanged: \u001b[35mthemes/next/layout/tag.swig\u001b[39m","time":"2016-01-20T07:40:29.112Z","v":0}
{"name":"hexo","hostname":"Mac.local","pid":33595,"level":20,"msg":"Unchanged: \u001b[35mthemes/next/layout/post.swig\u001b[39m","time":"2016-01-20T07:40:29.112Z","v":0}
{"name":"hexo","hostname":"Mac.local","pid":33595,"level":20,"msg":"Unchanged: \u001b[35mthemes/next/source/css/_common/_component/back-to-top.styl\u001b[39m","time":"2016-01-20T07:40:29.113Z","v":0}
{"name":"hexo","hostname":"Mac.local","pid":33595,"level":20,"msg":"Unchanged: \u001b[35mthemes/next/source/css/_common/_component/comments.styl\u001b[39m","time":"2016-01-20T07:40:29.113Z","v":0}
{"name":"hexo","hostname":"Mac.local","pid":33595,"level":20,"msg":"Unchanged: \u001b[35mthemes/next/source/css/_common/_component/buttons.styl\u001b[39m","time":"2016-01-20T07:40:29.113Z","v":0}
{"name":"hexo","hostname":"Mac.local","pid":33595,"level":20,"msg":"Unchanged: \u001b[35mthemes/next/source/css/_common/_component/duoshuo.styl\u001b[39m","time":"2016-01-20T07:40:29.113Z","v":0}
{"name":"hexo","hostname":"Mac.local","pid":33595,"level":20,"msg":"Unchanged: \u001b[35mthemes/next/source/css/_common/_component/jiathis.styl\u001b[39m","time":"2016-01-20T07:40:29.113Z","v":0}
{"name":"hexo","hostname":"Mac.local","pid":33595,"level":20,"msg":"Unchanged: \u001b[35mthemes/next/source/css/_common/_component/blockquote-center.styl\u001b[39m","time":"2016-01-20T07:40:29.114Z","v":0}
{"name":"hexo","hostname":"Mac.local","pid":33595,"level":20,"msg":"Unchanged: \u001b[35mthemes/next/source/css/_common/_component/gallery.styl\u001b[39m","time":"2016-01-20T07:40:29.114Z","v":0}
{"name":"hexo","hostname":"Mac.local","pid":33595,"level":20,"msg":"Unchanged: \u001b[35mthemes/next/source/css/_common/_component/group-pictures.styl\u001b[39m","time":"2016-01-20T07:40:29.114Z","v":0}
{"name":"hexo","hostname":"Mac.local","pid":33595,"level":20,"msg":"Unchanged: \u001b[35mthemes/next/source/css/_common/_component/posts-collapse.styl\u001b[39m","time":"2016-01-20T07:40:29.114Z","v":0}
{"name":"hexo","hostname":"Mac.local","pid":33595,"level":20,"msg":"Unchanged: \u001b[35mthemes/next/source/css/_common/_component/posts-type.styl\u001b[39m","time":"2016-01-20T07:40:29.114Z","v":0}
{"name":"hexo","hostname":"Mac.local","pid":33595,"level":20,"msg":"Unchanged: \u001b[35mthemes/next/source/css/_common/_component/pagination.styl\u001b[39m","time":"2016-01-20T07:40:29.114Z","v":0}
{"name":"hexo","hostname":"Mac.local","pid":33595,"level":20,"msg":"Unchanged: \u001b[35mthemes/next/source/css/_common/_component/posts-expand.styl\u001b[39m","time":"2016-01-20T07:40:29.115Z","v":0}
{"name":"hexo","hostname":"Mac.local","pid":33595,"level":20,"msg":"Unchanged: \u001b[35mthemes/next/source/css/_common/_component/posts.styl\u001b[39m","time":"2016-01-20T07:40:29.115Z","v":0}
{"name":"hexo","hostname":"Mac.local","pid":33595,"level":20,"msg":"Unchanged: \u001b[35mthemes/next/source/css/_common/_component/tag-cloud.styl\u001b[39m","time":"2016-01-20T07:40:29.115Z","v":0}
{"name":"hexo","hostname":"Mac.local","pid":33595,"level":20,"msg":"Unchanged: \u001b[35mthemes/next/source/css/_common/_core/base.styl\u001b[39m","time":"2016-01-20T07:40:29.115Z","v":0}
{"name":"hexo","hostname":"Mac.local","pid":33595,"level":20,"msg":"Unchanged: \u001b[35mthemes/next/source/css/_common/_core/helpers.styl\u001b[39m","time":"2016-01-20T07:40:29.116Z","v":0}
{"name":"hexo","hostname":"Mac.local","pid":33595,"level":20,"msg":"Unchanged: \u001b[35mthemes/next/source/css/_common/_core/scaffolding.styl\u001b[39m","time":"2016-01-20T07:40:29.116Z","v":0}
{"name":"hexo","hostname":"Mac.local","pid":33595,"level":20,"msg":"Unchanged: \u001b[35mthemes/next/source/css/_common/_core/normalize.styl\u001b[39m","time":"2016-01-20T07:40:29.116Z","v":0}
{"name":"hexo","hostname":"Mac.local","pid":33595,"level":20,"msg":"Unchanged: \u001b[35mthemes/next/source/css/_common/_fonts/icon-default.styl\u001b[39m","time":"2016-01-20T07:40:29.116Z","v":0}
{"name":"hexo","hostname":"Mac.local","pid":33595,"level":20,"msg":"Unchanged: \u001b[35mthemes/next/source/css/_common/_core/tables.styl\u001b[39m","time":"2016-01-20T07:40:29.116Z","v":0}
{"name":"hexo","hostname":"Mac.local","pid":33595,"level":20,"msg":"Unchanged: \u001b[35mthemes/next/source/css/_common/_fonts/icon-feather.styl\u001b[39m","time":"2016-01-20T07:40:29.116Z","v":0}
{"name":"hexo","hostname":"Mac.local","pid":33595,"level":20,"msg":"Unchanged: \u001b[35mthemes/next/source/css/_common/_fonts/icon-font.styl\u001b[39m","time":"2016-01-20T07:40:29.117Z","v":0}
{"name":"hexo","hostname":"Mac.local","pid":33595,"level":20,"msg":"Unchanged: \u001b[35mthemes/next/source/css/_common/_fonts/icon-fifty-shades.styl\u001b[39m","time":"2016-01-20T07:40:29.117Z","v":0}
{"name":"hexo","hostname":"Mac.local","pid":33595,"level":20,"msg":"Unchanged: \u001b[35mthemes/next/source/css/_common/_fonts/icon-linecons.styl\u001b[39m","time":"2016-01-20T07:40:29.117Z","v":0}
{"name":"hexo","hostname":"Mac.local","pid":33595,"level":20,"msg":"Unchanged: \u001b[35mthemes/next/source/css/_common/_page/archive.styl\u001b[39m","time":"2016-01-20T07:40:29.117Z","v":0}
{"name":"hexo","hostname":"Mac.local","pid":33595,"level":20,"msg":"Unchanged: \u001b[35mthemes/next/source/css/_common/_page/categories.styl\u001b[39m","time":"2016-01-20T07:40:29.117Z","v":0}
{"name":"hexo","hostname":"Mac.local","pid":33595,"level":20,"msg":"Unchanged: \u001b[35mthemes/next/source/css/_common/_section/body.styl\u001b[39m","time":"2016-01-20T07:40:29.118Z","v":0}
{"name":"hexo","hostname":"Mac.local","pid":33595,"level":20,"msg":"Unchanged: \u001b[35mthemes/next/source/css/_common/_page/post-detail.styl\u001b[39m","time":"2016-01-20T07:40:29.118Z","v":0}
{"name":"hexo","hostname":"Mac.local","pid":33595,"level":20,"msg":"Unchanged: \u001b[35mthemes/next/source/css/_common/_section/footer.styl\u001b[39m","time":"2016-01-20T07:40:29.118Z","v":0}
{"name":"hexo","hostname":"Mac.local","pid":33595,"level":20,"msg":"Unchanged: \u001b[35mthemes/next/source/css/_common/_section/header.styl\u001b[39m","time":"2016-01-20T07:40:29.118Z","v":0}
{"name":"hexo","hostname":"Mac.local","pid":33595,"level":20,"msg":"Unchanged: \u001b[35mthemes/next/source/css/_common/_section/layout.styl\u001b[39m","time":"2016-01-20T07:40:29.118Z","v":0}
{"name":"hexo","hostname":"Mac.local","pid":33595,"level":20,"msg":"Unchanged: \u001b[35mthemes/next/source/css/_common/_section/media.styl\u001b[39m","time":"2016-01-20T07:40:29.119Z","v":0}
{"name":"hexo","hostname":"Mac.local","pid":33595,"level":20,"msg":"Unchanged: \u001b[35mthemes/next/source/css/_common/_section/sidebar.styl\u001b[39m","time":"2016-01-20T07:40:29.119Z","v":0}
{"name":"hexo","hostname":"Mac.local","pid":33595,"level":20,"msg":"Unchanged: \u001b[35mthemes/next/source/css/_common/_vendor/highlight/highlight.styl\u001b[39m","time":"2016-01-20T07:40:29.119Z","v":0}
{"name":"hexo","hostname":"Mac.local","pid":33595,"level":20,"msg":"Unchanged: \u001b[35mthemes/next/source/css/_common/_vendor/highlight/theme.styl\u001b[39m","time":"2016-01-20T07:40:29.119Z","v":0}
{"name":"hexo","hostname":"Mac.local","pid":33595,"level":20,"msg":"Unchanged: \u001b[35mthemes/next/source/css/_mixins/base.styl\u001b[39m","time":"2016-01-20T07:40:29.119Z","v":0}
{"name":"hexo","hostname":"Mac.local","pid":33595,"level":20,"msg":"Unchanged: \u001b[35mthemes/next/source/css/_custom/custom.styl\u001b[39m","time":"2016-01-20T07:40:29.120Z","v":0}
{"name":"hexo","hostname":"Mac.local","pid":33595,"level":20,"msg":"Unchanged: \u001b[35mthemes/next/source/css/_schemes/Mist/_base.styl\u001b[39m","time":"2016-01-20T07:40:29.120Z","v":0}
{"name":"hexo","hostname":"Mac.local","pid":33595,"level":20,"msg":"Unchanged: \u001b[35mthemes/next/source/css/_schemes/Mist/_header.styl\u001b[39m","time":"2016-01-20T07:40:29.120Z","v":0}
{"name":"hexo","hostname":"Mac.local","pid":33595,"level":20,"msg":"Unchanged: \u001b[35mthemes/next/source/css/_schemes/Mist/_menu.styl\u001b[39m","time":"2016-01-20T07:40:29.120Z","v":0}
{"name":"hexo","hostname":"Mac.local","pid":33595,"level":20,"msg":"Unchanged: \u001b[35mthemes/next/source/css/_schemes/Mist/index.styl\u001b[39m","time":"2016-01-20T07:40:29.120Z","v":0}
{"name":"hexo","hostname":"Mac.local","pid":33595,"level":20,"msg":"Unchanged: \u001b[35mthemes/next/source/css/_schemes/Mist/_logo.styl\u001b[39m","time":"2016-01-20T07:40:29.121Z","v":0}
{"name":"hexo","hostname":"Mac.local","pid":33595,"level":20,"msg":"Unchanged: \u001b[35mthemes/next/source/css/_schemes/default/_logo.styl\u001b[39m","time":"2016-01-20T07:40:29.121Z","v":0}
{"name":"hexo","hostname":"Mac.local","pid":33595,"level":20,"msg":"Unchanged: \u001b[35mthemes/next/source/css/_schemes/Mist/_posts-expanded.styl\u001b[39m","time":"2016-01-20T07:40:29.121Z","v":0}
{"name":"hexo","hostname":"Mac.local","pid":33595,"level":20,"msg":"Unchanged: \u001b[35mthemes/next/source/css/_schemes/default/_menu.styl\u001b[39m","time":"2016-01-20T07:40:29.121Z","v":0}
{"name":"hexo","hostname":"Mac.local","pid":33595,"level":20,"msg":"Unchanged: \u001b[35mthemes/next/source/css/_schemes/default/index.styl\u001b[39m","time":"2016-01-20T07:40:29.121Z","v":0}
{"name":"hexo","hostname":"Mac.local","pid":33595,"level":20,"msg":"Unchanged: \u001b[35mthemes/next/source/fonts/icon-default/icomoon.ttf\u001b[39m","time":"2016-01-20T07:40:29.122Z","v":0}
{"name":"hexo","hostname":"Mac.local","pid":33595,"level":20,"msg":"Unchanged: \u001b[35mthemes/next/source/css/_schemes/default/_search.styl\u001b[39m","time":"2016-01-20T07:40:29.122Z","v":0}
{"name":"hexo","hostname":"Mac.local","pid":33595,"level":20,"msg":"Unchanged: \u001b[35mthemes/next/source/css/_variables/Mist.styl\u001b[39m","time":"2016-01-20T07:40:29.122Z","v":0}
{"name":"hexo","hostname":"Mac.local","pid":33595,"level":20,"msg":"Unchanged: \u001b[35mthemes/next/source/css/main.styl\u001b[39m","time":"2016-01-20T07:40:29.122Z","v":0}
{"name":"hexo","hostname":"Mac.local","pid":33595,"level":20,"msg":"Unchanged: \u001b[35mthemes/next/source/fonts/icon-default/icomoon.eot\u001b[39m","time":"2016-01-20T07:40:29.122Z","v":0}
{"name":"hexo","hostname":"Mac.local","pid":33595,"level":20,"msg":"Unchanged: \u001b[35mthemes/next/source/css/_variables/base.styl\u001b[39m","time":"2016-01-20T07:40:29.123Z","v":0}
{"name":"hexo","hostname":"Mac.local","pid":33595,"level":20,"msg":"Unchanged: \u001b[35mthemes/next/source/fonts/icon-feather/icomoon.ttf\u001b[39m","time":"2016-01-20T07:40:29.123Z","v":0}
{"name":"hexo","hostname":"Mac.local","pid":33595,"level":20,"msg":"Unchanged: \u001b[35mthemes/next/source/fonts/icon-default/selection.json\u001b[39m","time":"2016-01-20T07:40:29.126Z","v":0}
{"name":"hexo","hostname":"Mac.local","pid":33595,"level":20,"msg":"Unchanged: \u001b[35mthemes/next/source/fonts/icon-default/icomoon.svg\u001b[39m","time":"2016-01-20T07:40:29.127Z","v":0}
{"name":"hexo","hostname":"Mac.local","pid":33595,"level":20,"msg":"Unchanged: \u001b[35mthemes/next/source/fonts/icon-feather/icomoon.eot\u001b[39m","time":"2016-01-20T07:40:29.128Z","v":0}
{"name":"hexo","hostname":"Mac.local","pid":33595,"level":20,"msg":"Unchanged: \u001b[35mthemes/next/source/fonts/icon-fifty-shades/icomoon.ttf\u001b[39m","time":"2016-01-20T07:40:29.128Z","v":0}
{"name":"hexo","hostname":"Mac.local","pid":33595,"level":20,"msg":"Unchanged: \u001b[35mthemes/next/source/fonts/icon-default/icomoon.woff\u001b[39m","time":"2016-01-20T07:40:29.130Z","v":0}
{"name":"hexo","hostname":"Mac.local","pid":33595,"level":20,"msg":"Unchanged: \u001b[35mthemes/next/source/fonts/icon-feather/icomoon.svg\u001b[39m","time":"2016-01-20T07:40:29.130Z","v":0}
{"name":"hexo","hostname":"Mac.local","pid":33595,"level":20,"msg":"Unchanged: \u001b[35mthemes/next/source/fonts/icon-feather/icomoon.woff\u001b[39m","time":"2016-01-20T07:40:29.131Z","v":0}
{"name":"hexo","hostname":"Mac.local","pid":33595,"level":20,"msg":"Unchanged: \u001b[35mthemes/next/source/fonts/icon-fifty-shades/icomoon.eot\u001b[39m","time":"2016-01-20T07:40:29.131Z","v":0}
{"name":"hexo","hostname":"Mac.local","pid":33595,"level":20,"msg":"Unchanged: \u001b[35mthemes/next/source/fonts/icon-icomoon/icomoon.ttf\u001b[39m","time":"2016-01-20T07:40:29.131Z","v":0}
{"name":"hexo","hostname":"Mac.local","pid":33595,"level":20,"msg":"Unchanged: \u001b[35mthemes/next/source/fonts/icon-feather/selection.json\u001b[39m","time":"2016-01-20T07:40:29.132Z","v":0}
{"name":"hexo","hostname":"Mac.local","pid":33595,"level":20,"msg":"Unchanged: \u001b[35mthemes/next/source/fonts/icon-fifty-shades/icomoon.svg\u001b[39m","time":"2016-01-20T07:40:29.132Z","v":0}
{"name":"hexo","hostname":"Mac.local","pid":33595,"level":20,"msg":"Unchanged: \u001b[35mthemes/next/source/fonts/icon-fifty-shades/icomoon.woff\u001b[39m","time":"2016-01-20T07:40:29.133Z","v":0}
{"name":"hexo","hostname":"Mac.local","pid":33595,"level":20,"msg":"Unchanged: \u001b[35mthemes/next/source/fonts/icon-icomoon/icomoon.woff\u001b[39m","time":"2016-01-20T07:40:29.134Z","v":0}
{"name":"hexo","hostname":"Mac.local","pid":33595,"level":20,"msg":"Unchanged: \u001b[35mthemes/next/source/fonts/icon-fifty-shades/selection.json\u001b[39m","time":"2016-01-20T07:40:29.135Z","v":0}
{"name":"hexo","hostname":"Mac.local","pid":33595,"level":20,"msg":"Unchanged: \u001b[35mthemes/next/source/fonts/icon-linecons/icomoon.svg\u001b[39m","time":"2016-01-20T07:40:29.135Z","v":0}
{"name":"hexo","hostname":"Mac.local","pid":33595,"level":20,"msg":"Unchanged: \u001b[35mthemes/next/source/fonts/icon-linecons/icomoon.ttf\u001b[39m","time":"2016-01-20T07:40:29.135Z","v":0}
{"name":"hexo","hostname":"Mac.local","pid":33595,"level":20,"msg":"Unchanged: \u001b[35mthemes/next/source/fonts/icon-icomoon/icomoon.svg\u001b[39m","time":"2016-01-20T07:40:29.137Z","v":0}
{"name":"hexo","hostname":"Mac.local","pid":33595,"level":20,"msg":"Unchanged: \u001b[35mthemes/next/source/fonts/icon-linecons/icomoon.eot\u001b[39m","time":"2016-01-20T07:40:29.137Z","v":0}
{"name":"hexo","hostname":"Mac.local","pid":33595,"level":20,"msg":"Unchanged: \u001b[35mthemes/next/source/fonts/icon-icomoon/icomoon.eot\u001b[39m","time":"2016-01-20T07:40:29.138Z","v":0}
{"name":"hexo","hostname":"Mac.local","pid":33595,"level":20,"msg":"Unchanged: \u001b[35mthemes/next/source/fonts/icon-linecons/icomoon.woff\u001b[39m","time":"2016-01-20T07:40:29.139Z","v":0}
{"name":"hexo","hostname":"Mac.local","pid":33595,"level":20,"msg":"Unchanged: \u001b[35mthemes/next/source/images/cc-by-nc-nd.svg\u001b[39m","time":"2016-01-20T07:40:29.139Z","v":0}
{"name":"hexo","hostname":"Mac.local","pid":33595,"level":20,"msg":"Unchanged: \u001b[35mthemes/next/source/fonts/icon-linecons/selection.json\u001b[39m","time":"2016-01-20T07:40:29.139Z","v":0}
{"name":"hexo","hostname":"Mac.local","pid":33595,"level":20,"msg":"Unchanged: \u001b[35mthemes/next/source/images/cc-by-nc-sa.svg\u001b[39m","time":"2016-01-20T07:40:29.140Z","v":0}
{"name":"hexo","hostname":"Mac.local","pid":33595,"level":20,"msg":"Unchanged: \u001b[35mthemes/next/source/images/bkdefault_avatar.jpg\u001b[39m","time":"2016-01-20T07:40:29.140Z","v":0}
{"name":"hexo","hostname":"Mac.local","pid":33595,"level":20,"msg":"Unchanged: \u001b[35mthemes/next/source/images/cc-by-sa.svg\u001b[39m","time":"2016-01-20T07:40:29.140Z","v":0}
{"name":"hexo","hostname":"Mac.local","pid":33595,"level":20,"msg":"Unchanged: \u001b[35mthemes/next/source/images/cc-by-nc.svg\u001b[39m","time":"2016-01-20T07:40:29.140Z","v":0}
{"name":"hexo","hostname":"Mac.local","pid":33595,"level":20,"msg":"Unchanged: \u001b[35mthemes/next/source/images/cc-by-nd.svg\u001b[39m","time":"2016-01-20T07:40:29.140Z","v":0}
{"name":"hexo","hostname":"Mac.local","pid":33595,"level":20,"msg":"Unchanged: \u001b[35mthemes/next/source/images/placeholder.gif\u001b[39m","time":"2016-01-20T07:40:29.141Z","v":0}
{"name":"hexo","hostname":"Mac.local","pid":33595,"level":20,"msg":"Unchanged: \u001b[35mthemes/next/source/images/loading.gif\u001b[39m","time":"2016-01-20T07:40:29.141Z","v":0}
{"name":"hexo","hostname":"Mac.local","pid":33595,"level":20,"msg":"Unchanged: \u001b[35mthemes/next/source/images/cc-zero.svg\u001b[39m","time":"2016-01-20T07:40:29.141Z","v":0}
{"name":"hexo","hostname":"Mac.local","pid":33595,"level":20,"msg":"Unchanged: \u001b[35mthemes/next/source/images/quote-r.svg\u001b[39m","time":"2016-01-20T07:40:29.141Z","v":0}
{"name":"hexo","hostname":"Mac.local","pid":33595,"level":20,"msg":"Unchanged: \u001b[35mthemes/next/source/images/quote-l.svg\u001b[39m","time":"2016-01-20T07:40:29.141Z","v":0}
{"name":"hexo","hostname":"Mac.local","pid":33595,"level":20,"msg":"Unchanged: \u001b[35mthemes/next/source/images/cc-by.svg\u001b[39m","time":"2016-01-20T07:40:29.141Z","v":0}
{"name":"hexo","hostname":"Mac.local","pid":33595,"level":20,"msg":"Unchanged: \u001b[35mthemes/next/source/js/bootstrap.scrollspy.js\u001b[39m","time":"2016-01-20T07:40:29.142Z","v":0}
{"name":"hexo","hostname":"Mac.local","pid":33595,"level":20,"msg":"Unchanged: \u001b[35mthemes/next/source/js/fancy-box.js\u001b[39m","time":"2016-01-20T07:40:29.142Z","v":0}
{"name":"hexo","hostname":"Mac.local","pid":33595,"level":20,"msg":"Unchanged: \u001b[35mthemes/next/source/images/searchicon.png\u001b[39m","time":"2016-01-20T07:40:29.142Z","v":0}
{"name":"hexo","hostname":"Mac.local","pid":33595,"level":20,"msg":"Unchanged: \u001b[35mthemes/next/source/js/lazyload.js\u001b[39m","time":"2016-01-20T07:40:29.142Z","v":0}
{"name":"hexo","hostname":"Mac.local","pid":33595,"level":20,"msg":"Unchanged: \u001b[35mthemes/next/source/js/helpers.js\u001b[39m","time":"2016-01-20T07:40:29.142Z","v":0}
{"name":"hexo","hostname":"Mac.local","pid":33595,"level":20,"msg":"Unchanged: \u001b[35mthemes/next/source/js/nav-toggle.js\u001b[39m","time":"2016-01-20T07:40:29.143Z","v":0}
{"name":"hexo","hostname":"Mac.local","pid":33595,"level":20,"msg":"Unchanged: \u001b[35mthemes/next/source/js/motion_global.js\u001b[39m","time":"2016-01-20T07:40:29.144Z","v":0}
{"name":"hexo","hostname":"Mac.local","pid":33595,"level":20,"msg":"Unchanged: \u001b[35mthemes/next/source/vendors/fancybox/source/blank.gif\u001b[39m","time":"2016-01-20T07:40:29.144Z","v":0}
{"name":"hexo","hostname":"Mac.local","pid":33595,"level":20,"msg":"Unchanged: \u001b[35mthemes/next/source/js/motion_fallback.js\u001b[39m","time":"2016-01-20T07:40:29.144Z","v":0}
{"name":"hexo","hostname":"Mac.local","pid":33595,"level":20,"msg":"Unchanged: \u001b[35mthemes/next/source/js/hook-duoshuo.js\u001b[39m","time":"2016-01-20T07:40:29.144Z","v":0}
{"name":"hexo","hostname":"Mac.local","pid":33595,"level":20,"msg":"Unchanged: \u001b[35mthemes/next/source/vendors/fancybox/source/fancybox_loading.gif\u001b[39m","time":"2016-01-20T07:40:29.145Z","v":0}
{"name":"hexo","hostname":"Mac.local","pid":33595,"level":20,"msg":"Unchanged: \u001b[35mthemes/next/source/vendors/fancybox/source/fancybox_overlay.png\u001b[39m","time":"2016-01-20T07:40:29.145Z","v":0}
{"name":"hexo","hostname":"Mac.local","pid":33595,"level":20,"msg":"Unchanged: \u001b[35mthemes/next/source/vendors/fancybox/source/helpers/fancybox_buttons.png\u001b[39m","time":"2016-01-20T07:40:29.145Z","v":0}
{"name":"hexo","hostname":"Mac.local","pid":33595,"level":20,"msg":"Unchanged: \u001b[35mthemes/next/source/vendors/fancybox/source/helpers/jquery.fancybox-buttons.css\u001b[39m","time":"2016-01-20T07:40:29.145Z","v":0}
{"name":"hexo","hostname":"Mac.local","pid":33595,"level":20,"msg":"Unchanged: \u001b[35mthemes/next/source/vendors/fancybox/source/fancybox_loading@2x.gif\u001b[39m","time":"2016-01-20T07:40:29.146Z","v":0}
{"name":"hexo","hostname":"Mac.local","pid":33595,"level":20,"msg":"Unchanged: \u001b[35mthemes/next/source/vendors/fancybox/source/fancybox_sprite.png\u001b[39m","time":"2016-01-20T07:40:29.146Z","v":0}
{"name":"hexo","hostname":"Mac.local","pid":33595,"level":20,"msg":"Unchanged: \u001b[35mthemes/next/source/vendors/fancybox/source/fancybox_sprite@2x.png\u001b[39m","time":"2016-01-20T07:40:29.146Z","v":0}
{"name":"hexo","hostname":"Mac.local","pid":33595,"level":20,"msg":"Unchanged: \u001b[35mthemes/next/source/vendors/fancybox/source/helpers/jquery.fancybox-buttons.js\u001b[39m","time":"2016-01-20T07:40:29.147Z","v":0}
{"name":"hexo","hostname":"Mac.local","pid":33595,"level":20,"msg":"Unchanged: \u001b[35mthemes/next/source/js/ua-parser.min.js\u001b[39m","time":"2016-01-20T07:40:29.147Z","v":0}
{"name":"hexo","hostname":"Mac.local","pid":33595,"level":20,"msg":"Unchanged: \u001b[35mthemes/next/source/vendors/fancybox/source/helpers/jquery.fancybox-thumbs.js\u001b[39m","time":"2016-01-20T07:40:29.147Z","v":0}
{"name":"hexo","hostname":"Mac.local","pid":33595,"level":20,"msg":"Unchanged: \u001b[35mthemes/next/source/vendors/fancybox/source/helpers/jquery.fancybox-media.js\u001b[39m","time":"2016-01-20T07:40:29.147Z","v":0}
{"name":"hexo","hostname":"Mac.local","pid":33595,"level":20,"msg":"Unchanged: \u001b[35mthemes/next/source/vendors/fancybox/source/jquery.fancybox.css\u001b[39m","time":"2016-01-20T07:40:29.147Z","v":0}
{"name":"hexo","hostname":"Mac.local","pid":33595,"level":20,"msg":"Unchanged: \u001b[35mthemes/next/source/vendors/fancybox/source/helpers/jquery.fancybox-thumbs.css\u001b[39m","time":"2016-01-20T07:40:29.147Z","v":0}
{"name":"hexo","hostname":"Mac.local","pid":33595,"level":20,"msg":"Unchanged: \u001b[35mthemes/next/source/vendors/fastclick/LICENSE\u001b[39m","time":"2016-01-20T07:40:29.148Z","v":0}
{"name":"hexo","hostname":"Mac.local","pid":33595,"level":20,"msg":"Unchanged: \u001b[35mthemes/next/source/vendors/fastclick/README.md\u001b[39m","time":"2016-01-20T07:40:29.148Z","v":0}
{"name":"hexo","hostname":"Mac.local","pid":33595,"level":20,"msg":"Unchanged: \u001b[35mthemes/next/source/vendors/fastclick/lib/fastclick.min.js\u001b[39m","time":"2016-01-20T07:40:29.148Z","v":0}
{"name":"hexo","hostname":"Mac.local","pid":33595,"level":20,"msg":"Unchanged: \u001b[35mthemes/next/source/vendors/fancybox/source/jquery.fancybox.js\u001b[39m","time":"2016-01-20T07:40:29.148Z","v":0}
{"name":"hexo","hostname":"Mac.local","pid":33595,"level":20,"msg":"Unchanged: \u001b[35mthemes/next/source/vendors/fancybox/source/jquery.fancybox.pack.js\u001b[39m","time":"2016-01-20T07:40:29.148Z","v":0}
{"name":"hexo","hostname":"Mac.local","pid":33595,"level":20,"msg":"Unchanged: \u001b[35mthemes/next/source/vendors/fastclick/lib/fastclick.js\u001b[39m","time":"2016-01-20T07:40:29.149Z","v":0}
{"name":"hexo","hostname":"Mac.local","pid":33595,"level":20,"msg":"Unchanged: \u001b[35mthemes/next/source/vendors/font-awesome/HELP-US-OUT.txt\u001b[39m","time":"2016-01-20T07:40:29.149Z","v":0}
{"name":"hexo","hostname":"Mac.local","pid":33595,"level":20,"msg":"Unchanged: \u001b[35mthemes/next/source/vendors/fastclick/bower.json\u001b[39m","time":"2016-01-20T07:40:29.149Z","v":0}
{"name":"hexo","hostname":"Mac.local","pid":33595,"level":20,"msg":"Unchanged: \u001b[35mthemes/next/source/vendors/font-awesome/bower.json\u001b[39m","time":"2016-01-20T07:40:29.149Z","v":0}
{"name":"hexo","hostname":"Mac.local","pid":33595,"level":20,"msg":"Unchanged: \u001b[35mthemes/next/source/vendors/font-awesome/css/font-awesome.css\u001b[39m","time":"2016-01-20T07:40:29.149Z","v":0}
{"name":"hexo","hostname":"Mac.local","pid":33595,"level":20,"msg":"Unchanged: \u001b[35mthemes/next/source/vendors/velocity/bower.json\u001b[39m","time":"2016-01-20T07:40:29.149Z","v":0}
{"name":"hexo","hostname":"Mac.local","pid":33595,"level":20,"msg":"Unchanged: \u001b[35mthemes/next/source/vendors/font-awesome/css/font-awesome.min.css\u001b[39m","time":"2016-01-20T07:40:29.150Z","v":0}
{"name":"hexo","hostname":"Mac.local","pid":33595,"level":20,"msg":"Unchanged: \u001b[35mthemes/next/source/vendors/font-awesome/css/font-awesome.css.map\u001b[39m","time":"2016-01-20T07:40:29.150Z","v":0}
{"name":"hexo","hostname":"Mac.local","pid":33595,"level":20,"msg":"Unchanged: \u001b[35mthemes/next/source/vendors/velocity/velocity.ui.min.js\u001b[39m","time":"2016-01-20T07:40:29.150Z","v":0}
{"name":"hexo","hostname":"Mac.local","pid":33595,"level":20,"msg":"Unchanged: \u001b[35mthemes/next/source/vendors/font-awesome/fonts/fontawesome-webfont.woff2\u001b[39m","time":"2016-01-20T07:40:29.150Z","v":0}
{"name":"hexo","hostname":"Mac.local","pid":33595,"level":20,"msg":"Unchanged: \u001b[35mthemes/next/test/intern.js\u001b[39m","time":"2016-01-20T07:40:29.150Z","v":0}
{"name":"hexo","hostname":"Mac.local","pid":33595,"level":20,"msg":"Unchanged: \u001b[35mthemes/next/source/vendors/velocity/velocity.min.js\u001b[39m","time":"2016-01-20T07:40:29.151Z","v":0}
{"name":"hexo","hostname":"Mac.local","pid":33595,"level":20,"msg":"Unchanged: \u001b[35mthemes/next/test/helpers.js\u001b[39m","time":"2016-01-20T07:40:29.151Z","v":0}
{"name":"hexo","hostname":"Mac.local","pid":33595,"level":20,"msg":"Unchanged: \u001b[35mthemes/next/source/vendors/velocity/velocity.ui.js\u001b[39m","time":"2016-01-20T07:40:29.151Z","v":0}
{"name":"hexo","hostname":"Mac.local","pid":33595,"level":20,"msg":"Unchanged: \u001b[35mthemes/next/source/vendors/font-awesome/fonts/fontawesome-webfont.eot\u001b[39m","time":"2016-01-20T07:40:29.155Z","v":0}
{"name":"hexo","hostname":"Mac.local","pid":33595,"level":20,"msg":"Unchanged: \u001b[35mthemes/next/source/vendors/font-awesome/fonts/FontAwesome.otf\u001b[39m","time":"2016-01-20T07:40:29.155Z","v":0}
{"name":"hexo","hostname":"Mac.local","pid":33595,"level":20,"msg":"Unchanged: \u001b[35mthemes/next/source/vendors/font-awesome/fonts/fontawesome-webfont.woff\u001b[39m","time":"2016-01-20T07:40:29.155Z","v":0}
{"name":"hexo","hostname":"Mac.local","pid":33595,"level":20,"msg":"Unchanged: \u001b[35mthemes/next/source/vendors/jquery/index.js\u001b[39m","time":"2016-01-20T07:40:29.155Z","v":0}
{"name":"hexo","hostname":"Mac.local","pid":33595,"level":20,"msg":"Unchanged: \u001b[35mthemes/next/source/vendors/font-awesome/fonts/fontawesome-webfont.ttf\u001b[39m","time":"2016-01-20T07:40:29.157Z","v":0}
{"name":"hexo","hostname":"Mac.local","pid":33595,"level":20,"msg":"Unchanged: \u001b[35mthemes/next/source/vendors/velocity/velocity.js\u001b[39m","time":"2016-01-20T07:40:29.160Z","v":0}
{"name":"hexo","hostname":"Mac.local","pid":33595,"level":20,"msg":"Unchanged: \u001b[35mthemes/next/source/vendors/font-awesome/fonts/fontawesome-webfont.svg\u001b[39m","time":"2016-01-20T07:40:29.161Z","v":0}
{"name":"hexo","hostname":"Mac.local","pid":33595,"level":20,"msg":"Processed: \u001b[35msource/vendors/font-awesome/fonts/fontawesome-webfont.svg\u001b[39m","time":"2016-01-20T07:40:29.165Z","v":0}
{"name":"hexo","hostname":"Mac.local","pid":33595,"level":20,"msg":"Processed: \u001b[35msource/vendors/velocity/velocity.js\u001b[39m","time":"2016-01-20T07:40:29.165Z","v":0}
{"name":"hexo","hostname":"Mac.local","pid":33595,"level":20,"msg":"Processed: \u001b[35msource/vendors/font-awesome/fonts/fontawesome-webfont.ttf\u001b[39m","time":"2016-01-20T07:40:29.166Z","v":0}
{"name":"hexo","hostname":"Mac.local","pid":33595,"level":20,"msg":"Processed: \u001b[35msource/vendors/jquery/index.js\u001b[39m","time":"2016-01-20T07:40:29.166Z","v":0}
{"name":"hexo","hostname":"Mac.local","pid":33595,"level":20,"msg":"Processed: \u001b[35msource/vendors/font-awesome/fonts/fontawesome-webfont.woff\u001b[39m","time":"2016-01-20T07:40:29.167Z","v":0}
{"name":"hexo","hostname":"Mac.local","pid":33595,"level":20,"msg":"Processed: \u001b[35msource/vendors/font-awesome/fonts/fontawesome-webfont.eot\u001b[39m","time":"2016-01-20T07:40:29.168Z","v":0}
{"name":"hexo","hostname":"Mac.local","pid":33595,"level":20,"msg":"Processed: \u001b[35msource/vendors/font-awesome/fonts/FontAwesome.otf\u001b[39m","time":"2016-01-20T07:40:29.168Z","v":0}
{"name":"hexo","hostname":"Mac.local","pid":33595,"level":20,"msg":"Processed: \u001b[35msource/vendors/velocity/velocity.ui.js\u001b[39m","time":"2016-01-20T07:40:29.169Z","v":0}
{"name":"hexo","hostname":"Mac.local","pid":33595,"level":20,"msg":"Processed: \u001b[35msource/vendors/velocity/velocity.ui.min.js\u001b[39m","time":"2016-01-20T07:40:29.169Z","v":0}
{"name":"hexo","hostname":"Mac.local","pid":33595,"level":20,"msg":"Processed: \u001b[35msource/vendors/velocity/velocity.min.js\u001b[39m","time":"2016-01-20T07:40:29.170Z","v":0}
{"name":"hexo","hostname":"Mac.local","pid":33595,"level":20,"msg":"Processed: \u001b[35msource/vendors/font-awesome/fonts/fontawesome-webfont.woff2\u001b[39m","time":"2016-01-20T07:40:29.170Z","v":0}
{"name":"hexo","hostname":"Mac.local","pid":33595,"level":20,"msg":"Processed: \u001b[35msource/vendors/velocity/bower.json\u001b[39m","time":"2016-01-20T07:40:29.171Z","v":0}
{"name":"hexo","hostname":"Mac.local","pid":33595,"level":20,"msg":"Processed: \u001b[35msource/vendors/font-awesome/css/font-awesome.css.map\u001b[39m","time":"2016-01-20T07:40:29.171Z","v":0}
{"name":"hexo","hostname":"Mac.local","pid":33595,"level":20,"msg":"Processed: \u001b[35msource/vendors/font-awesome/css/font-awesome.min.css\u001b[39m","time":"2016-01-20T07:40:29.172Z","v":0}
{"name":"hexo","hostname":"Mac.local","pid":33595,"level":20,"msg":"Processed: \u001b[35msource/vendors/font-awesome/HELP-US-OUT.txt\u001b[39m","time":"2016-01-20T07:40:29.172Z","v":0}
{"name":"hexo","hostname":"Mac.local","pid":33595,"level":20,"msg":"Processed: \u001b[35msource/vendors/font-awesome/bower.json\u001b[39m","time":"2016-01-20T07:40:29.173Z","v":0}
{"name":"hexo","hostname":"Mac.local","pid":33595,"level":20,"msg":"Processed: \u001b[35msource/vendors/font-awesome/css/font-awesome.css\u001b[39m","time":"2016-01-20T07:40:29.174Z","v":0}
{"name":"hexo","hostname":"Mac.local","pid":33595,"level":20,"msg":"Processed: \u001b[35msource/vendors/fastclick/bower.json\u001b[39m","time":"2016-01-20T07:40:29.174Z","v":0}
{"name":"hexo","hostname":"Mac.local","pid":33595,"level":20,"msg":"Processed: \u001b[35msource/vendors/fastclick/lib/fastclick.js\u001b[39m","time":"2016-01-20T07:40:29.175Z","v":0}
{"name":"hexo","hostname":"Mac.local","pid":33595,"level":20,"msg":"Processed: \u001b[35msource/vendors/fastclick/lib/fastclick.min.js\u001b[39m","time":"2016-01-20T07:40:29.176Z","v":0}
{"name":"hexo","hostname":"Mac.local","pid":33595,"level":20,"msg":"Processed: \u001b[35msource/vendors/fancybox/source/jquery.fancybox.pack.js\u001b[39m","time":"2016-01-20T07:40:29.177Z","v":0}
{"name":"hexo","hostname":"Mac.local","pid":33595,"level":20,"msg":"Processed: \u001b[35msource/vendors/fancybox/source/jquery.fancybox.js\u001b[39m","time":"2016-01-20T07:40:29.178Z","v":0}
{"name":"hexo","hostname":"Mac.local","pid":33595,"level":20,"msg":"Processed: \u001b[35msource/vendors/fastclick/LICENSE\u001b[39m","time":"2016-01-20T07:40:29.178Z","v":0}
{"name":"hexo","hostname":"Mac.local","pid":33595,"level":20,"msg":"Processed: \u001b[35msource/vendors/fastclick/README.md\u001b[39m","time":"2016-01-20T07:40:29.179Z","v":0}
{"name":"hexo","hostname":"Mac.local","pid":33595,"level":20,"msg":"Processed: \u001b[35msource/vendors/fancybox/source/jquery.fancybox.css\u001b[39m","time":"2016-01-20T07:40:29.179Z","v":0}
{"name":"hexo","hostname":"Mac.local","pid":33595,"level":20,"msg":"Processed: \u001b[35msource/vendors/fancybox/source/helpers/jquery.fancybox-media.js\u001b[39m","time":"2016-01-20T07:40:29.179Z","v":0}
{"name":"hexo","hostname":"Mac.local","pid":33595,"level":20,"msg":"Processed: \u001b[35msource/vendors/fancybox/source/helpers/jquery.fancybox-thumbs.css\u001b[39m","time":"2016-01-20T07:40:29.180Z","v":0}
{"name":"hexo","hostname":"Mac.local","pid":33595,"level":20,"msg":"Processed: \u001b[35msource/vendors/fancybox/source/helpers/jquery.fancybox-thumbs.js\u001b[39m","time":"2016-01-20T07:40:29.180Z","v":0}
{"name":"hexo","hostname":"Mac.local","pid":33595,"level":20,"msg":"Processed: \u001b[35msource/vendors/fancybox/source/helpers/jquery.fancybox-buttons.js\u001b[39m","time":"2016-01-20T07:40:29.181Z","v":0}
{"name":"hexo","hostname":"Mac.local","pid":33595,"level":20,"msg":"Processed: \u001b[35msource/vendors/fancybox/source/fancybox_sprite.png\u001b[39m","time":"2016-01-20T07:40:29.181Z","v":0}
{"name":"hexo","hostname":"Mac.local","pid":33595,"level":20,"msg":"Processed: \u001b[35msource/vendors/fancybox/source/fancybox_sprite@2x.png\u001b[39m","time":"2016-01-20T07:40:29.182Z","v":0}
{"name":"hexo","hostname":"Mac.local","pid":33595,"level":20,"msg":"Processed: \u001b[35msource/vendors/fancybox/source/helpers/jquery.fancybox-buttons.css\u001b[39m","time":"2016-01-20T07:40:29.182Z","v":0}
{"name":"hexo","hostname":"Mac.local","pid":33595,"level":20,"msg":"Processed: \u001b[35msource/vendors/fancybox/source/helpers/fancybox_buttons.png\u001b[39m","time":"2016-01-20T07:40:29.183Z","v":0}
{"name":"hexo","hostname":"Mac.local","pid":33595,"level":20,"msg":"Processed: \u001b[35msource/js/ua-parser.min.js\u001b[39m","time":"2016-01-20T07:40:29.185Z","v":0}
{"name":"hexo","hostname":"Mac.local","pid":33595,"level":20,"msg":"Processed: \u001b[35msource/vendors/fancybox/source/fancybox_loading@2x.gif\u001b[39m","time":"2016-01-20T07:40:29.186Z","v":0}
{"name":"hexo","hostname":"Mac.local","pid":33595,"level":20,"msg":"Processed: \u001b[35msource/vendors/fancybox/source/fancybox_overlay.png\u001b[39m","time":"2016-01-20T07:40:29.188Z","v":0}
{"name":"hexo","hostname":"Mac.local","pid":33595,"level":20,"msg":"Processed: \u001b[35msource/js/hook-duoshuo.js\u001b[39m","time":"2016-01-20T07:40:29.189Z","v":0}
{"name":"hexo","hostname":"Mac.local","pid":33595,"level":20,"msg":"Processed: \u001b[35msource/vendors/fancybox/source/fancybox_loading.gif\u001b[39m","time":"2016-01-20T07:40:29.190Z","v":0}
{"name":"hexo","hostname":"Mac.local","pid":33595,"level":20,"msg":"Processed: \u001b[35msource/vendors/fancybox/source/blank.gif\u001b[39m","time":"2016-01-20T07:40:29.190Z","v":0}
{"name":"hexo","hostname":"Mac.local","pid":33595,"level":20,"msg":"Processed: \u001b[35msource/js/nav-toggle.js\u001b[39m","time":"2016-01-20T07:40:29.191Z","v":0}
{"name":"hexo","hostname":"Mac.local","pid":33595,"level":20,"msg":"Processed: \u001b[35msource/js/motion_fallback.js\u001b[39m","time":"2016-01-20T07:40:29.191Z","v":0}
{"name":"hexo","hostname":"Mac.local","pid":33595,"level":20,"msg":"Processed: \u001b[35msource/js/motion_global.js\u001b[39m","time":"2016-01-20T07:40:29.192Z","v":0}
{"name":"hexo","hostname":"Mac.local","pid":33595,"level":20,"msg":"Processed: \u001b[35msource/js/lazyload.js\u001b[39m","time":"2016-01-20T07:40:29.192Z","v":0}
{"name":"hexo","hostname":"Mac.local","pid":33595,"level":20,"msg":"Processed: \u001b[35msource/js/helpers.js\u001b[39m","time":"2016-01-20T07:40:29.193Z","v":0}
{"name":"hexo","hostname":"Mac.local","pid":33595,"level":20,"msg":"Processed: \u001b[35msource/js/fancy-box.js\u001b[39m","time":"2016-01-20T07:40:29.193Z","v":0}
{"name":"hexo","hostname":"Mac.local","pid":33595,"level":20,"msg":"Processed: \u001b[35msource/images/searchicon.png\u001b[39m","time":"2016-01-20T07:40:29.194Z","v":0}
{"name":"hexo","hostname":"Mac.local","pid":33595,"level":20,"msg":"Processed: \u001b[35msource/images/quote-l.svg\u001b[39m","time":"2016-01-20T07:40:29.194Z","v":0}
{"name":"hexo","hostname":"Mac.local","pid":33595,"level":20,"msg":"Processed: \u001b[35msource/js/bootstrap.scrollspy.js\u001b[39m","time":"2016-01-20T07:40:29.195Z","v":0}
{"name":"hexo","hostname":"Mac.local","pid":33595,"level":20,"msg":"Processed: \u001b[35msource/images/quote-r.svg\u001b[39m","time":"2016-01-20T07:40:29.195Z","v":0}
{"name":"hexo","hostname":"Mac.local","pid":33595,"level":20,"msg":"Processed: \u001b[35msource/images/cc-by.svg\u001b[39m","time":"2016-01-20T07:40:29.196Z","v":0}
{"name":"hexo","hostname":"Mac.local","pid":33595,"level":20,"msg":"Processed: \u001b[35msource/images/loading.gif\u001b[39m","time":"2016-01-20T07:40:29.196Z","v":0}
{"name":"hexo","hostname":"Mac.local","pid":33595,"level":20,"msg":"Processed: \u001b[35msource/images/cc-zero.svg\u001b[39m","time":"2016-01-20T07:40:29.196Z","v":0}
{"name":"hexo","hostname":"Mac.local","pid":33595,"level":20,"msg":"Processed: \u001b[35msource/images/placeholder.gif\u001b[39m","time":"2016-01-20T07:40:29.197Z","v":0}
{"name":"hexo","hostname":"Mac.local","pid":33595,"level":20,"msg":"Processed: \u001b[35msource/images/cc-by-nd.svg\u001b[39m","time":"2016-01-20T07:40:29.198Z","v":0}
{"name":"hexo","hostname":"Mac.local","pid":33595,"level":20,"msg":"Processed: \u001b[35msource/images/cc-by-sa.svg\u001b[39m","time":"2016-01-20T07:40:29.199Z","v":0}
{"name":"hexo","hostname":"Mac.local","pid":33595,"level":20,"msg":"Processed: \u001b[35msource/images/cc-by-nc.svg\u001b[39m","time":"2016-01-20T07:40:29.199Z","v":0}
{"name":"hexo","hostname":"Mac.local","pid":33595,"level":20,"msg":"Processed: \u001b[35msource/images/bkdefault_avatar.jpg\u001b[39m","time":"2016-01-20T07:40:29.200Z","v":0}
{"name":"hexo","hostname":"Mac.local","pid":33595,"level":20,"msg":"Processed: \u001b[35msource/images/cc-by-nc-sa.svg\u001b[39m","time":"2016-01-20T07:40:29.201Z","v":0}
{"name":"hexo","hostname":"Mac.local","pid":33595,"level":20,"msg":"Processed: \u001b[35msource/fonts/icon-linecons/selection.json\u001b[39m","time":"2016-01-20T07:40:29.202Z","v":0}
{"name":"hexo","hostname":"Mac.local","pid":33595,"level":20,"msg":"Processed: \u001b[35msource/images/cc-by-nc-nd.svg\u001b[39m","time":"2016-01-20T07:40:29.202Z","v":0}
{"name":"hexo","hostname":"Mac.local","pid":33595,"level":20,"msg":"Processed: \u001b[35msource/fonts/icon-linecons/icomoon.woff\u001b[39m","time":"2016-01-20T07:40:29.204Z","v":0}
{"name":"hexo","hostname":"Mac.local","pid":33595,"level":20,"msg":"Processed: \u001b[35msource/fonts/icon-linecons/icomoon.ttf\u001b[39m","time":"2016-01-20T07:40:29.206Z","v":0}
{"name":"hexo","hostname":"Mac.local","pid":33595,"level":20,"msg":"Processed: \u001b[35msource/fonts/icon-icomoon/icomoon.eot\u001b[39m","time":"2016-01-20T07:40:29.207Z","v":0}
{"name":"hexo","hostname":"Mac.local","pid":33595,"level":20,"msg":"Processed: \u001b[35msource/fonts/icon-linecons/icomoon.eot\u001b[39m","time":"2016-01-20T07:40:29.210Z","v":0}
{"name":"hexo","hostname":"Mac.local","pid":33595,"level":20,"msg":"Processed: \u001b[35msource/fonts/icon-linecons/icomoon.svg\u001b[39m","time":"2016-01-20T07:40:29.211Z","v":0}
{"name":"hexo","hostname":"Mac.local","pid":33595,"level":20,"msg":"Processed: \u001b[35msource/fonts/icon-icomoon/icomoon.svg\u001b[39m","time":"2016-01-20T07:40:29.218Z","v":0}
{"name":"hexo","hostname":"Mac.local","pid":33595,"level":20,"msg":"Processed: \u001b[35msource/fonts/icon-icomoon/icomoon.woff\u001b[39m","time":"2016-01-20T07:40:29.219Z","v":0}
{"name":"hexo","hostname":"Mac.local","pid":33595,"level":20,"msg":"Processed: \u001b[35msource/fonts/icon-fifty-shades/selection.json\u001b[39m","time":"2016-01-20T07:40:29.220Z","v":0}
{"name":"hexo","hostname":"Mac.local","pid":33595,"level":20,"msg":"Processed: \u001b[35msource/fonts/icon-icomoon/icomoon.ttf\u001b[39m","time":"2016-01-20T07:40:29.221Z","v":0}
{"name":"hexo","hostname":"Mac.local","pid":33595,"level":20,"msg":"Processed: \u001b[35msource/fonts/icon-fifty-shades/icomoon.svg\u001b[39m","time":"2016-01-20T07:40:29.221Z","v":0}
{"name":"hexo","hostname":"Mac.local","pid":33595,"level":20,"msg":"Processed: \u001b[35msource/fonts/icon-fifty-shades/icomoon.woff\u001b[39m","time":"2016-01-20T07:40:29.222Z","v":0}
{"name":"hexo","hostname":"Mac.local","pid":33595,"level":20,"msg":"Processed: \u001b[35msource/fonts/icon-fifty-shades/icomoon.eot\u001b[39m","time":"2016-01-20T07:40:29.222Z","v":0}
{"name":"hexo","hostname":"Mac.local","pid":33595,"level":20,"msg":"Processed: \u001b[35msource/fonts/icon-feather/selection.json\u001b[39m","time":"2016-01-20T07:40:29.223Z","v":0}
{"name":"hexo","hostname":"Mac.local","pid":33595,"level":20,"msg":"Processed: \u001b[35msource/fonts/icon-fifty-shades/icomoon.ttf\u001b[39m","time":"2016-01-20T07:40:29.223Z","v":0}
{"name":"hexo","hostname":"Mac.local","pid":33595,"level":20,"msg":"Processed: \u001b[35msource/fonts/icon-feather/icomoon.svg\u001b[39m","time":"2016-01-20T07:40:29.224Z","v":0}
{"name":"hexo","hostname":"Mac.local","pid":33595,"level":20,"msg":"Processed: \u001b[35msource/fonts/icon-feather/icomoon.woff\u001b[39m","time":"2016-01-20T07:40:29.224Z","v":0}
{"name":"hexo","hostname":"Mac.local","pid":33595,"level":20,"msg":"Processed: \u001b[35msource/fonts/icon-feather/icomoon.eot\u001b[39m","time":"2016-01-20T07:40:29.238Z","v":0}
{"name":"hexo","hostname":"Mac.local","pid":33595,"level":20,"msg":"Processed: \u001b[35msource/fonts/icon-default/icomoon.woff\u001b[39m","time":"2016-01-20T07:40:29.239Z","v":0}
{"name":"hexo","hostname":"Mac.local","pid":33595,"level":20,"msg":"Processed: \u001b[35msource/fonts/icon-feather/icomoon.ttf\u001b[39m","time":"2016-01-20T07:40:29.239Z","v":0}
{"name":"hexo","hostname":"Mac.local","pid":33595,"level":20,"msg":"Processed: \u001b[35msource/fonts/icon-default/selection.json\u001b[39m","time":"2016-01-20T07:40:29.240Z","v":0}
{"name":"hexo","hostname":"Mac.local","pid":33595,"level":20,"msg":"Processed: \u001b[35msource/fonts/icon-default/icomoon.svg\u001b[39m","time":"2016-01-20T07:40:29.240Z","v":0}
{"name":"hexo","hostname":"Mac.local","pid":33595,"level":20,"msg":"Processed: \u001b[35msource/fonts/icon-default/icomoon.eot\u001b[39m","time":"2016-01-20T07:40:29.240Z","v":0}
{"name":"hexo","hostname":"Mac.local","pid":33595,"level":20,"msg":"Processed: \u001b[35msource/fonts/icon-default/icomoon.ttf\u001b[39m","time":"2016-01-20T07:40:29.241Z","v":0}
{"name":"hexo","hostname":"Mac.local","pid":33595,"level":20,"msg":"Processed: \u001b[35msource/css/main.styl\u001b[39m","time":"2016-01-20T07:40:29.241Z","v":0}
{"name":"hexo","hostname":"Mac.local","pid":33595,"level":20,"msg":"Processed: \u001b[35mlayout/post.swig\u001b[39m","time":"2016-01-20T07:40:29.247Z","v":0}
{"name":"hexo","hostname":"Mac.local","pid":33595,"level":20,"msg":"Processed: \u001b[35mlayout/tag.swig\u001b[39m","time":"2016-01-20T07:40:29.248Z","v":0}
{"name":"hexo","hostname":"Mac.local","pid":33595,"level":20,"msg":"Processed: \u001b[35mlayout/index.swig\u001b[39m","time":"2016-01-20T07:40:29.249Z","v":0}
{"name":"hexo","hostname":"Mac.local","pid":33595,"level":20,"msg":"Processed: \u001b[35mlayout/page.swig\u001b[39m","time":"2016-01-20T07:40:29.250Z","v":0}
{"name":"hexo","hostname":"Mac.local","pid":33595,"level":20,"msg":"Processed: \u001b[35mlayout/archive.swig\u001b[39m","time":"2016-01-20T07:40:29.251Z","v":0}
{"name":"hexo","hostname":"Mac.local","pid":33595,"level":20,"msg":"Processed: \u001b[35mlayout/category.swig\u001b[39m","time":"2016-01-20T07:40:29.251Z","v":0}
{"name":"hexo","hostname":"Mac.local","pid":33595,"level":20,"msg":"Processed: \u001b[35mlayout/_scripts/tinysou.swig\u001b[39m","time":"2016-01-20T07:40:29.252Z","v":0}
{"name":"hexo","hostname":"Mac.local","pid":33595,"level":20,"msg":"Processed: \u001b[35mlayout/_scripts/pages/post-details.swig\u001b[39m","time":"2016-01-20T07:40:29.252Z","v":0}
{"name":"hexo","hostname":"Mac.local","pid":33595,"level":20,"msg":"Processed: \u001b[35mlayout/_scripts/motion.swig\u001b[39m","time":"2016-01-20T07:40:29.253Z","v":0}
{"name":"hexo","hostname":"Mac.local","pid":33595,"level":20,"msg":"Processed: \u001b[35mlayout/_scripts/fancy-box.swig\u001b[39m","time":"2016-01-20T07:40:29.253Z","v":0}
{"name":"hexo","hostname":"Mac.local","pid":33595,"level":20,"msg":"Processed: \u001b[35mlayout/_scripts/mathjax.swig\u001b[39m","time":"2016-01-20T07:40:29.254Z","v":0}
{"name":"hexo","hostname":"Mac.local","pid":33595,"level":20,"msg":"Processed: \u001b[35mlayout/_scripts/helpers.swig\u001b[39m","time":"2016-01-20T07:40:29.255Z","v":0}
{"name":"hexo","hostname":"Mac.local","pid":33595,"level":20,"msg":"Processed: \u001b[35mlayout/_scripts/comments/duoshuo.swig\u001b[39m","time":"2016-01-20T07:40:29.256Z","v":0}
{"name":"hexo","hostname":"Mac.local","pid":33595,"level":20,"msg":"Processed: \u001b[35mlayout/_scripts/comments/disqus.swig\u001b[39m","time":"2016-01-20T07:40:29.256Z","v":0}
{"name":"hexo","hostname":"Mac.local","pid":33595,"level":20,"msg":"Processed: \u001b[35mlayout/_scripts/bootstrap.scrollspy.swig\u001b[39m","time":"2016-01-20T07:40:29.257Z","v":0}
{"name":"hexo","hostname":"Mac.local","pid":33595,"level":20,"msg":"Processed: \u001b[35mlayout/_scripts/baidushare.swig\u001b[39m","time":"2016-01-20T07:40:29.257Z","v":0}
{"name":"hexo","hostname":"Mac.local","pid":33595,"level":20,"msg":"Processed: \u001b[35mlayout/_scripts/analytics.swig\u001b[39m","time":"2016-01-20T07:40:29.258Z","v":0}
{"name":"hexo","hostname":"Mac.local","pid":33595,"level":20,"msg":"Processed: \u001b[35mlayout/_scripts/analytics/google-analytics.swig\u001b[39m","time":"2016-01-20T07:40:29.258Z","v":0}
{"name":"hexo","hostname":"Mac.local","pid":33595,"level":20,"msg":"Processed: \u001b[35mlayout/_scripts/analytics/facebook-sdk.swig\u001b[39m","time":"2016-01-20T07:40:29.259Z","v":0}
{"name":"hexo","hostname":"Mac.local","pid":33595,"level":20,"msg":"Processed: \u001b[35mlayout/_scripts/analytics/baidu-analytics.swig\u001b[39m","time":"2016-01-20T07:40:29.260Z","v":0}
{"name":"hexo","hostname":"Mac.local","pid":33595,"level":20,"msg":"Processed: \u001b[35mlayout/_partials/share/jiathis.swig\u001b[39m","time":"2016-01-20T07:40:29.261Z","v":0}
{"name":"hexo","hostname":"Mac.local","pid":33595,"level":20,"msg":"Processed: \u001b[35mlayout/_partials/search.swig\u001b[39m","time":"2016-01-20T07:40:29.262Z","v":0}
{"name":"hexo","hostname":"Mac.local","pid":33595,"level":20,"msg":"Processed: \u001b[35mlayout/_partials/share/duoshuo_share.swig\u001b[39m","time":"2016-01-20T07:40:29.263Z","v":0}
{"name":"hexo","hostname":"Mac.local","pid":33595,"level":20,"msg":"Processed: \u001b[35mlayout/_partials/search/tinysou.swig\u001b[39m","time":"2016-01-20T07:40:29.266Z","v":0}
{"name":"hexo","hostname":"Mac.local","pid":33595,"level":20,"msg":"Processed: \u001b[35mlayout/_partials/search/swiftype.swig\u001b[39m","time":"2016-01-20T07:40:29.267Z","v":0}
{"name":"hexo","hostname":"Mac.local","pid":33595,"level":20,"msg":"Processed: \u001b[35mlayout/_partials/old-browsers.swig\u001b[39m","time":"2016-01-20T07:40:29.267Z","v":0}
{"name":"hexo","hostname":"Mac.local","pid":33595,"level":20,"msg":"Processed: \u001b[35mlayout/_partials/pagination.swig\u001b[39m","time":"2016-01-20T07:40:29.269Z","v":0}
{"name":"hexo","hostname":"Mac.local","pid":33595,"level":20,"msg":"Processed: \u001b[35mlayout/_partials/head.swig\u001b[39m","time":"2016-01-20T07:40:29.270Z","v":0}
{"name":"hexo","hostname":"Mac.local","pid":33595,"level":20,"msg":"Processed: \u001b[35mlayout/_partials/header.swig\u001b[39m","time":"2016-01-20T07:40:29.271Z","v":0}
{"name":"hexo","hostname":"Mac.local","pid":33595,"level":20,"msg":"Processed: \u001b[35mlayout/_macro/sidebar.swig\u001b[39m","time":"2016-01-20T07:40:29.271Z","v":0}
{"name":"hexo","hostname":"Mac.local","pid":33595,"level":20,"msg":"Processed: \u001b[35mlayout/_macro/post.swig\u001b[39m","time":"2016-01-20T07:40:29.272Z","v":0}
{"name":"hexo","hostname":"Mac.local","pid":33595,"level":20,"msg":"Processed: \u001b[35mlayout/_partials/footer.swig\u001b[39m","time":"2016-01-20T07:40:29.272Z","v":0}
{"name":"hexo","hostname":"Mac.local","pid":33595,"level":20,"msg":"Processed: \u001b[35mlayout/_macro/post-collapse.swig\u001b[39m","time":"2016-01-20T07:40:29.273Z","v":0}
{"name":"hexo","hostname":"Mac.local","pid":33595,"level":20,"msg":"Processed: \u001b[35mlayout/_layout.swig\u001b[39m","time":"2016-01-20T07:40:29.273Z","v":0}
{"name":"hexo","hostname":"Mac.local","pid":33595,"level":20,"msg":"Processed: \u001b[35mlanguages/zh-tw.yml\u001b[39m","time":"2016-01-20T07:40:29.279Z","v":0}
{"name":"hexo","hostname":"Mac.local","pid":33595,"level":20,"msg":"Processed: \u001b[35mlanguages/zh-hk.yml\u001b[39m","time":"2016-01-20T07:40:29.281Z","v":0}
{"name":"hexo","hostname":"Mac.local","pid":33595,"level":20,"msg":"Processed: \u001b[35mlanguages/pt.yml\u001b[39m","time":"2016-01-20T07:40:29.287Z","v":0}
{"name":"hexo","hostname":"Mac.local","pid":33595,"level":20,"msg":"Processed: \u001b[35mlanguages/zh-Hans.yml\u001b[39m","time":"2016-01-20T07:40:29.288Z","v":0}
{"name":"hexo","hostname":"Mac.local","pid":33595,"level":20,"msg":"Processed: \u001b[35mlanguages/ru.yml\u001b[39m","time":"2016-01-20T07:40:29.290Z","v":0}
{"name":"hexo","hostname":"Mac.local","pid":33595,"level":20,"msg":"Processed: \u001b[35mlanguages/fr-FR.yml\u001b[39m","time":"2016-01-20T07:40:29.291Z","v":0}
{"name":"hexo","hostname":"Mac.local","pid":33595,"level":20,"msg":"Processed: \u001b[35mlanguages/en.yml\u001b[39m","time":"2016-01-20T07:40:29.292Z","v":0}
{"name":"hexo","hostname":"Mac.local","pid":33595,"level":20,"msg":"Processed: \u001b[35mlanguages/default.yml\u001b[39m","time":"2016-01-20T07:40:29.293Z","v":0}
{"name":"hexo","hostname":"Mac.local","pid":33595,"level":20,"msg":"Processed: \u001b[35mlanguages/de.yml\u001b[39m","time":"2016-01-20T07:40:29.294Z","v":0}
{"name":"hexo","hostname":"Mac.local","pid":33595,"level":20,"msg":"Theme config loaded.","time":"2016-01-20T07:40:29.296Z","v":0}
{"name":"hexo","hostname":"Mac.local","pid":33595,"level":20,"msg":"Processed: \u001b[35m_config.yml\u001b[39m","time":"2016-01-20T07:40:29.296Z","v":0}
{"name":"hexo","hostname":"Mac.local","pid":33595,"level":20,"msg":"Generator: \u001b[35mpage\u001b[39m","time":"2016-01-20T07:40:29.798Z","v":0}
{"name":"hexo","hostname":"Mac.local","pid":33595,"level":20,"msg":"Generator: \u001b[35mpost\u001b[39m","time":"2016-01-20T07:40:29.798Z","v":0}
{"name":"hexo","hostname":"Mac.local","pid":33595,"level":20,"msg":"Generator: \u001b[35mindex\u001b[39m","time":"2016-01-20T07:40:29.798Z","v":0}
{"name":"hexo","hostname":"Mac.local","pid":33595,"level":20,"msg":"Generator: \u001b[35marchive\u001b[39m","time":"2016-01-20T07:40:29.799Z","v":0}
{"name":"hexo","hostname":"Mac.local","pid":33595,"level":20,"msg":"Generator: \u001b[35mtag\u001b[39m","time":"2016-01-20T07:40:29.799Z","v":0}
{"name":"hexo","hostname":"Mac.local","pid":33595,"level":20,"msg":"Generator: \u001b[35mcategory\u001b[39m","time":"2016-01-20T07:40:29.799Z","v":0}
{"name":"hexo","hostname":"Mac.local","pid":33595,"level":20,"msg":"Generator: \u001b[35masset\u001b[39m","time":"2016-01-20T07:40:29.803Z","v":0}
{"name":"hexo","hostname":"Mac.local","pid":33595,"level":30,"msg":"Hexo is running at \u001b[4mhttp://0.0.0.0:4000/\u001b[24m. Press Ctrl+C to stop.","time":"2016-01-20T07:40:29.811Z","v":0}
{"name":"hexo","hostname":"Mac.local","pid":33595,"level":20,"msg":"Database saved","time":"2016-01-20T07:40:29.830Z","v":0}
{"name":"hexo","hostname":"Mac.local","pid":33595,"level":20,"msg":"Rendering index: \u001b[35mindex.html\u001b[39m","time":"2016-01-20T07:40:52.905Z","v":0}
{"name":"hexo","hostname":"Mac.local","pid":33595,"level":20,"msg":"Rendering index: \u001b[35mindex.html\u001b[39m","time":"2016-01-20T07:42:12.605Z","v":0}
{"name":"hexo","hostname":"Mac.local","pid":33595,"level":20,"msg":"Rendering index: \u001b[35mindex.html\u001b[39m","time":"2016-01-20T07:42:15.731Z","v":0}
{"name":"hexo","hostname":"Mac.local","pid":33595,"level":20,"msg":"Rendering index: \u001b[35mindex.html\u001b[39m","time":"2016-01-20T07:47:36.464Z","v":0}
{"name":"hexo","hostname":"Mac.local","pid":33595,"level":20,"msg":"Rendering index: \u001b[35mindex.html\u001b[39m","time":"2016-01-20T07:47:46.140Z","v":0}
{"name":"hexo","hostname":"Mac.local","pid":33595,"level":20,"msg":"Rendering index: \u001b[35mindex.html\u001b[39m","time":"2016-01-20T07:48:27.762Z","v":0}
{"name":"hexo","hostname":"Mac.local","pid":33595,"level":20,"msg":"Rendering index: \u001b[35mindex.html\u001b[39m","time":"2016-01-20T07:49:40.968Z","v":0}
{"name":"hexo","hostname":"Mac.local","pid":33595,"level":20,"msg":"Rendering index: \u001b[35mindex.html\u001b[39m","time":"2016-01-20T07:49:43.015Z","v":0}
{"name":"hexo","hostname":"Mac.local","pid":33595,"level":30,"msg":"Farewell","time":"2016-01-20T07:50:48.902Z","v":0}
{"name":"hexo","hostname":"Mac.local","pid":33595,"level":20,"msg":"Database saved","time":"2016-01-20T07:50:48.921Z","v":0}
